{"/Users/f2hard3/Workspace/vue-practice/src/components/TodoInput.vue": {"path":"/Users/f2hard3/Workspace/vue-practice/src/components/TodoInput.vue","statementMap":{"0":{"start":{"line":11,"column":0},"end":{"line":null,"column":-1}},"1":{"start":{"line":17,"column":0},"end":{"line":null,"column":-1}}},"fnMap":{},"branchMap":{},"s":{"0":6,"1":2},"f":{},"b":{}}
,"/Users/f2hard3/Workspace/vue-practice/src/components/TodoList.vue": {"path":"/Users/f2hard3/Workspace/vue-practice/src/components/TodoList.vue","statementMap":{"0":{"start":{"line":14,"column":0},"end":{"line":null,"column":-1}},"1":{"start":{"line":15,"column":0},"end":{"line":null,"column":-1}},"2":{"start":{"line":16,"column":0},"end":{"line":null,"column":-1}},"3":{"start":{"line":21,"column":0},"end":{"line":null,"column":-1}},"4":{"start":{"line":28,"column":0},"end":{"line":null,"column":-1}},"5":{"start":{"line":30,"column":0},"end":{"line":null,"column":-1}}},"fnMap":{},"branchMap":{},"s":{"0":1,"1":1,"2":1,"3":6,"4":3,"5":3},"f":{},"b":{}}
}
